0 info it worked if it ends with ok
1 verbose cli [ '/home/ubuntu/.nvm/versions/node/v4.2.4/bin/node',
1 verbose cli   '/home/ubuntu/.nvm/versions/node/v4.2.4/bin/npm',
1 verbose cli   'run-script',
1 verbose cli   'chai' ]
2 info using npm@2.14.12
3 info using node@v4.2.4
4 verbose run-script [ 'prechai', 'chai', 'postchai' ]
5 info prechai Conversor@0.0.1
6 info chai Conversor@0.0.1
7 verbose unsafe-perm in lifecycle true
8 info Conversor@0.0.1 Failed to exec chai script
9 verbose stack Error: Conversor@0.0.1 chai: `curl https://raw.githubusercontent.com/chaijs/chai/master/chai.js -o test/chai.js`
9 verbose stack Exit status 23
9 verbose stack     at EventEmitter.<anonymous> (/home/ubuntu/.nvm/versions/node/v4.2.4/lib/node_modules/npm/lib/utils/lifecycle.js:214:16)
9 verbose stack     at emitTwo (events.js:87:13)
9 verbose stack     at EventEmitter.emit (events.js:172:7)
9 verbose stack     at ChildProcess.<anonymous> (/home/ubuntu/.nvm/versions/node/v4.2.4/lib/node_modules/npm/lib/utils/spawn.js:24:14)
9 verbose stack     at emitTwo (events.js:87:13)
9 verbose stack     at ChildProcess.emit (events.js:172:7)
9 verbose stack     at maybeClose (internal/child_process.js:818:16)
9 verbose stack     at Process.ChildProcess._handle.onexit (internal/child_process.js:211:5)
10 verbose pkgid Conversor@0.0.1
11 verbose cwd /home/ubuntu/workspace/Practica5/mocha-y-chai-josue-nayra-dsi15-16-1
12 error Linux 4.2.0-c9
13 error argv "/home/ubuntu/.nvm/versions/node/v4.2.4/bin/node" "/home/ubuntu/.nvm/versions/node/v4.2.4/bin/npm" "run-script" "chai"
14 error node v4.2.4
15 error npm  v2.14.12
16 error code ELIFECYCLE
17 error Conversor@0.0.1 chai: `curl https://raw.githubusercontent.com/chaijs/chai/master/chai.js -o test/chai.js`
17 error Exit status 23
18 error Failed at the Conversor@0.0.1 chai script 'curl https://raw.githubusercontent.com/chaijs/chai/master/chai.js -o test/chai.js'.
18 error This is most likely a problem with the Conversor package,
18 error not with npm itself.
18 error Tell the author that this fails on your system:
18 error     curl https://raw.githubusercontent.com/chaijs/chai/master/chai.js -o test/chai.js
18 error You can get their info via:
18 error     npm owner ls Conversor
18 error There is likely additional logging output above.
19 verbose exit [ 1, true ]
